# JRE version: OpenJDK Runtime Environment GraalVM CE 22.3.0 (17.0.5+8) (build 17.0.5+8-jvmci-22.3-b08)
# Java VM: OpenJDK 64-Bit Server VM GraalVM CE 22.3.0 (17.0.5+8-jvmci-22.3-b08, mixed mode, sharing, tiered, jvmci, jvmci compiler, compressed oops, compressed class ptrs, parallel gc, linux-amd64)
GC Precious Log:
 CPUs: 8 total, 1 available
 Memory: 1024M
 Large Page Support: Disabled
 NUMA Support: Disabled
 Compressed Oops: Enabled (32-bit)
 Alignments: Space 512K, Generation 512K, Heap 2M
 Heap Min Capacity: 100M
 Heap Initial Capacity: 100M
 Heap Max Capacity: 512M
 Pre-touch: Disabled
 Parallel Workers: 1
Heap:
 PSYoungGen      total 22016K, used 16384K [0x00000000f5580000, 0x00000000f7180000, 0x0000000100000000)
  eden space 16384K, 100% used [0x00000000f5580000,0x00000000f6580000,0x00000000f6580000)
  from space 5632K, 0% used [0x00000000f6580000,0x00000000f6580000,0x00000000f6b00000)
  to   space 5632K, 0% used [0x00000000f6b00000,0x00000000f6b00000,0x00000000f7080000)
 ParOldGen       total 349696K, used 349696K [0x00000000e0000000, 0x00000000f5580000, 0x00000000f5580000)
  object space 349696K, 100% used [0x00000000e0000000,0x00000000f5580000,0x00000000f5580000)
 Metaspace       used 55559K, committed 56448K, reserved 1105920K
  class space    used 5415K, committed 5760K, reserved 1048576K
GC Heap History (20 events):
Event: 450.221 GC heap before
{Heap before GC invocations=351 (full 243):
 PSYoungGen      total 22016K, used 16384K [0x00000000f5580000, 0x00000000f7180000, 0x0000000100000000)
  eden space 16384K, 100% used [0x00000000f5580000,0x00000000f6580000,0x00000000f6580000)
  from space 5632K, 0% used [0x00000000f6580000,0x00000000f6580000,0x00000000f6b00000)
  to   space 5632K, 0% used [0x00000000f6b00000,0x00000000f6b00000,0x00000000f7080000)
 ParOldGen       total 349696K, used 349695K [0x00000000e0000000, 0x00000000f5580000, 0x00000000f5580000)
  object space 349696K, 99% used [0x00000000e0000000,0x00000000f557ff60,0x00000000f5580000)
 Metaspace       used 55559K, committed 56448K, reserved 1105920K
  class space    used 5415K, committed 5760K, reserved 1048576K
}
Event: 451.658 GC heap after
{Heap after GC invocations=351 (full 243):
 PSYoungGen      total 22016K, used 16384K [0x00000000f5580000, 0x00000000f7180000, 0x0000000100000000)
  eden space 16384K, 100% used [0x00000000f5580000,0x00000000f6580000,0x00000000f6580000)
  from space 5632K, 0% used [0x00000000f6b00000,0x00000000f6b00000,0x00000000f7080000)
  to   space 5632K, 0% used [0x00000000f6580000,0x00000000f6580000,0x00000000f6b00000)
 ParOldGen       total 349696K, used 349695K [0x00000000e0000000, 0x00000000f5580000, 0x00000000f5580000)
  object space 349696K, 99% used [0x00000000e0000000,0x00000000f557ff60,0x00000000f5580000)
 Metaspace       used 55559K, committed 56448K, reserved 1105920K
  class space    used 5415K, committed 5760K, reserved 1048576K
}
Event: 451.659 GC heap before
{Heap before GC invocations=352 (full 244):
 PSYoungGen      total 22016K, used 16384K [0x00000000f5580000, 0x00000000f7180000, 0x0000000100000000)
  eden space 16384K, 100% used [0x00000000f5580000,0x00000000f6580000,0x00000000f6580000)
  from space 5632K, 0% used [0x00000000f6b00000,0x00000000f6b00000,0x00000000f7080000)
  to   space 5632K, 0% used [0x00000000f6580000,0x00000000f6580000,0x00000000f6b00000)
 ParOldGen       total 349696K, used 349696K [0x00000000e0000000, 0x00000000f5580000, 0x00000000f5580000)
  object space 349696K, 100% used [0x00000000e0000000,0x00000000f5580000,0x00000000f5580000)
 Metaspace       used 55559K, committed 56448K, reserved 1105920K
  class space    used 5415K, committed 5760K, reserved 1048576K
}
Event: 453.226 GC heap after
{Heap after GC invocations=352 (full 244):
 PSYoungGen      total 22016K, used 16384K [0x00000000f5580000, 0x00000000f7180000, 0x0000000100000000)
  eden space 16384K, 100% used [0x00000000f5580000,0x00000000f6580000,0x00000000f6580000)
  from space 5632K, 0% used [0x00000000f6580000,0x00000000f6580000,0x00000000f6b00000)
  to   space 5632K, 0% used [0x00000000f6b00000,0x00000000f6b00000,0x00000000f7080000)
 ParOldGen       total 349696K, used 349696K [0x00000000e0000000, 0x00000000f5580000, 0x00000000f5580000)
  object space 349696K, 100% used [0x00000000e0000000,0x00000000f5580000,0x00000000f5580000)
 Metaspace       used 55559K, committed 56448K, reserved 1105920K
  class space    used 5415K, committed 5760K, reserved 1048576K
}
Event: 453.226 GC heap before
{Heap before GC invocations=353 (full 245):
 PSYoungGen      total 22016K, used 16384K [0x00000000f5580000, 0x00000000f7180000, 0x0000000100000000)
  eden space 16384K, 100% used [0x00000000f5580000,0x00000000f6580000,0x00000000f6580000)
  from space 5632K, 0% used [0x00000000f6580000,0x00000000f6580000,0x00000000f6b00000)
  to   space 5632K, 0% used [0x00000000f6b00000,0x00000000f6b00000,0x00000000f7080000)
 ParOldGen       total 349696K, used 349696K [0x00000000e0000000, 0x00000000f5580000, 0x00000000f5580000)
  object space 349696K, 100% used [0x00000000e0000000,0x00000000f5580000,0x00000000f5580000)
 Metaspace       used 55559K, committed 56448K, reserved 1105920K
  class space    used 5415K, committed 5760K, reserved 1048576K
}
Event: 454.676 GC heap after
{Heap after GC invocations=353 (full 245):
 PSYoungGen      total 22016K, used 16384K [0x00000000f5580000, 0x00000000f7180000, 0x0000000100000000)
  eden space 16384K, 100% used [0x00000000f5580000,0x00000000f6580000,0x00000000f6580000)
  from space 5632K, 0% used [0x00000000f6b00000,0x00000000f6b00000,0x00000000f7080000)
  to   space 5632K, 0% used [0x00000000f6580000,0x00000000f6580000,0x00000000f6b00000)
 ParOldGen       total 349696K, used 349696K [0x00000000e0000000, 0x00000000f5580000, 0x00000000f5580000)
  object space 349696K, 100% used [0x00000000e0000000,0x00000000f5580000,0x00000000f5580000)
 Metaspace       used 55559K, committed 56448K, reserved 1105920K
  class space    used 5415K, committed 5760K, reserved 1048576K
}
Event: 454.677 GC heap before
{Heap before GC invocations=354 (full 246):
 PSYoungGen      total 22016K, used 16384K [0x00000000f5580000, 0x00000000f7180000, 0x0000000100000000)
  eden space 16384K, 100% used [0x00000000f5580000,0x00000000f6580000,0x00000000f6580000)
  from space 5632K, 0% used [0x00000000f6b00000,0x00000000f6b00000,0x00000000f7080000)
  to   space 5632K, 0% used [0x00000000f6580000,0x00000000f6580000,0x00000000f6b00000)
 ParOldGen       total 349696K, used 349696K [0x00000000e0000000, 0x00000000f5580000, 0x00000000f5580000)
  object space 349696K, 100% used [0x00000000e0000000,0x00000000f5580000,0x00000000f5580000)
 Metaspace       used 55559K, committed 56448K, reserved 1105920K
  class space    used 5415K, committed 5760K, reserved 1048576K
}
Event: 456.321 GC heap after
{Heap after GC invocations=354 (full 246):
 PSYoungGen      total 22016K, used 16384K [0x00000000f5580000, 0x00000000f7180000, 0x0000000100000000)
  eden space 16384K, 100% used [0x00000000f5580000,0x00000000f6580000,0x00000000f6580000)
  from space 5632K, 0% used [0x00000000f6580000,0x00000000f6580000,0x00000000f6b00000)
  to   space 5632K, 0% used [0x00000000f6b00000,0x00000000f6b00000,0x00000000f7080000)
 ParOldGen       total 349696K, used 349696K [0x00000000e0000000, 0x00000000f5580000, 0x00000000f5580000)
  object space 349696K, 100% used [0x00000000e0000000,0x00000000f5580000,0x00000000f5580000)
 Metaspace       used 55559K, committed 56448K, reserved 1105920K
  class space    used 5415K, committed 5760K, reserved 1048576K
}
Event: 456.321 GC heap before
{Heap before GC invocations=355 (full 247):
 PSYoungGen      total 22016K, used 16384K [0x00000000f5580000, 0x00000000f7180000, 0x0000000100000000)
  eden space 16384K, 100% used [0x00000000f5580000,0x00000000f6580000,0x00000000f6580000)
  from space 5632K, 0% used [0x00000000f6580000,0x00000000f6580000,0x00000000f6b00000)
  to   space 5632K, 0% used [0x00000000f6b00000,0x00000000f6b00000,0x00000000f7080000)
 ParOldGen       total 349696K, used 349696K [0x00000000e0000000, 0x00000000f5580000, 0x00000000f5580000)
  object space 349696K, 100% used [0x00000000e0000000,0x00000000f5580000,0x00000000f5580000)
 Metaspace       used 55559K, committed 56448K, reserved 1105920K
  class space    used 5415K, committed 5760K, reserved 1048576K
}
Event: 457.855 GC heap after
{Heap after GC invocations=355 (full 247):
 PSYoungGen      total 22016K, used 16384K [0x00000000f5580000, 0x00000000f7180000, 0x0000000100000000)
  eden space 16384K, 100% used [0x00000000f5580000,0x00000000f6580000,0x00000000f6580000)
  from space 5632K, 0% used [0x00000000f6b00000,0x00000000f6b00000,0x00000000f7080000)
  to   space 5632K, 0% used [0x00000000f6580000,0x00000000f6580000,0x00000000f6b00000)
 ParOldGen       total 349696K, used 349696K [0x00000000e0000000, 0x00000000f5580000, 0x00000000f5580000)
  object space 349696K, 100% used [0x00000000e0000000,0x00000000f5580000,0x00000000f5580000)
 Metaspace       used 55559K, committed 56448K, reserved 1105920K
  class space    used 5415K, committed 5760K, reserved 1048576K
}
Event: 457.857 GC heap before
{Heap before GC invocations=356 (full 248):
 PSYoungGen      total 22016K, used 16384K [0x00000000f5580000, 0x00000000f7180000, 0x0000000100000000)
  eden space 16384K, 100% used [0x00000000f5580000,0x00000000f6580000,0x00000000f6580000)
  from space 5632K, 0% used [0x00000000f6b00000,0x00000000f6b00000,0x00000000f7080000)
  to   space 5632K, 0% used [0x00000000f6580000,0x00000000f6580000,0x00000000f6b00000)
 ParOldGen       total 349696K, used 349696K [0x00000000e0000000, 0x00000000f5580000, 0x00000000f5580000)
  object space 349696K, 100% used [0x00000000e0000000,0x00000000f5580000,0x00000000f5580000)
 Metaspace       used 55559K, committed 56448K, reserved 1105920K
  class space    used 5415K, committed 5760K, reserved 1048576K
}
Event: 459.660 GC heap after
{Heap after GC invocations=356 (full 248):
 PSYoungGen      total 22016K, used 16384K [0x00000000f5580000, 0x00000000f7180000, 0x0000000100000000)
  eden space 16384K, 100% used [0x00000000f5580000,0x00000000f6580000,0x00000000f6580000)
  from space 5632K, 0% used [0x00000000f6580000,0x00000000f6580000,0x00000000f6b00000)
  to   space 5632K, 0% used [0x00000000f6b00000,0x00000000f6b00000,0x00000000f7080000)
 ParOldGen       total 349696K, used 349695K [0x00000000e0000000, 0x00000000f5580000, 0x00000000f5580000)
  object space 349696K, 99% used [0x00000000e0000000,0x00000000f557ffe0,0x00000000f5580000)
 Metaspace       used 55559K, committed 56448K, reserved 1105920K
  class space    used 5415K, committed 5760K, reserved 1048576K
}
Event: 459.660 GC heap before
{Heap before GC invocations=357 (full 249):
 PSYoungGen      total 22016K, used 16384K [0x00000000f5580000, 0x00000000f7180000, 0x0000000100000000)
  eden space 16384K, 100% used [0x00000000f5580000,0x00000000f6580000,0x00000000f6580000)
  from space 5632K, 0% used [0x00000000f6580000,0x00000000f6580000,0x00000000f6b00000)
  to   space 5632K, 0% used [0x00000000f6b00000,0x00000000f6b00000,0x00000000f7080000)
 ParOldGen       total 349696K, used 349696K [0x00000000e0000000, 0x00000000f5580000, 0x00000000f5580000)
  object space 349696K, 100% used [0x00000000e0000000,0x00000000f5580000,0x00000000f5580000)
 Metaspace       used 55559K, committed 56448K, reserved 1105920K
  class space    used 5415K, committed 5760K, reserved 1048576K
}
Event: 461.564 GC heap after
{Heap after GC invocations=357 (full 249):
 PSYoungGen      total 22016K, used 16384K [0x00000000f5580000, 0x00000000f7180000, 0x0000000100000000)
  eden space 16384K, 100% used [0x00000000f5580000,0x00000000f6580000,0x00000000f6580000)
  from space 5632K, 0% used [0x00000000f6b00000,0x00000000f6b00000,0x00000000f7080000)
  to   space 5632K, 0% used [0x00000000f6580000,0x00000000f6580000,0x00000000f6b00000)
 ParOldGen       total 349696K, used 349696K [0x00000000e0000000, 0x00000000f5580000, 0x00000000f5580000)
  object space 349696K, 100% used [0x00000000e0000000,0x00000000f5580000,0x00000000f5580000)
 Metaspace       used 55559K, committed 56448K, reserved 1105920K
  class space    used 5415K, committed 5760K, reserved 1048576K
}
Event: 461.564 GC heap before
{Heap before GC invocations=358 (full 250):
 PSYoungGen      total 22016K, used 16384K [0x00000000f5580000, 0x00000000f7180000, 0x0000000100000000)
  eden space 16384K, 100% used [0x00000000f5580000,0x00000000f6580000,0x00000000f6580000)
  from space 5632K, 0% used [0x00000000f6b00000,0x00000000f6b00000,0x00000000f7080000)
  to   space 5632K, 0% used [0x00000000f6580000,0x00000000f6580000,0x00000000f6b00000)
 ParOldGen       total 349696K, used 349696K [0x00000000e0000000, 0x00000000f5580000, 0x00000000f5580000)
  object space 349696K, 100% used [0x00000000e0000000,0x00000000f5580000,0x00000000f5580000)
 Metaspace       used 55559K, committed 56448K, reserved 1105920K
  class space    used 5415K, committed 5760K, reserved 1048576K
}
Event: 463.226 GC heap after
{Heap after GC invocations=358 (full 250):
 PSYoungGen      total 22016K, used 16384K [0x00000000f5580000, 0x00000000f7180000, 0x0000000100000000)
  eden space 16384K, 100% used [0x00000000f5580000,0x00000000f6580000,0x00000000f6580000)
  from space 5632K, 0% used [0x00000000f6580000,0x00000000f6580000,0x00000000f6b00000)
  to   space 5632K, 0% used [0x00000000f6b00000,0x00000000f6b00000,0x00000000f7080000)
 ParOldGen       total 349696K, used 349696K [0x00000000e0000000, 0x00000000f5580000, 0x00000000f5580000)
  object space 349696K, 100% used [0x00000000e0000000,0x00000000f5580000,0x00000000f5580000)
 Metaspace       used 55559K, committed 56448K, reserved 1105920K
  class space    used 5415K, committed 5760K, reserved 1048576K
}
Event: 463.227 GC heap before
{Heap before GC invocations=359 (full 251):
 PSYoungGen      total 22016K, used 16384K [0x00000000f5580000, 0x00000000f7180000, 0x0000000100000000)
  eden space 16384K, 100% used [0x00000000f5580000,0x00000000f6580000,0x00000000f6580000)
  from space 5632K, 0% used [0x00000000f6580000,0x00000000f6580000,0x00000000f6b00000)
  to   space 5632K, 0% used [0x00000000f6b00000,0x00000000f6b00000,0x00000000f7080000)
 ParOldGen       total 349696K, used 349696K [0x00000000e0000000, 0x00000000f5580000, 0x00000000f5580000)
  object space 349696K, 100% used [0x00000000e0000000,0x00000000f5580000,0x00000000f5580000)
 Metaspace       used 55559K, committed 56448K, reserved 1105920K
  class space    used 5415K, committed 5760K, reserved 1048576K
}
Event: 464.826 GC heap after
{Heap after GC invocations=359 (full 251):
 PSYoungGen      total 22016K, used 16384K [0x00000000f5580000, 0x00000000f7180000, 0x0000000100000000)
  eden space 16384K, 100% used [0x00000000f5580000,0x00000000f6580000,0x00000000f6580000)
  from space 5632K, 0% used [0x00000000f6b00000,0x00000000f6b00000,0x00000000f7080000)
  to   space 5632K, 0% used [0x00000000f6580000,0x00000000f6580000,0x00000000f6b00000)
 ParOldGen       total 349696K, used 349696K [0x00000000e0000000, 0x00000000f5580000, 0x00000000f5580000)
  object space 349696K, 100% used [0x00000000e0000000,0x00000000f5580000,0x00000000f5580000)
 Metaspace       used 55559K, committed 56448K, reserved 1105920K
  class space    used 5415K, committed 5760K, reserved 1048576K
}
Event: 464.826 GC heap before
{Heap before GC invocations=360 (full 252):
 PSYoungGen      total 22016K, used 16384K [0x00000000f5580000, 0x00000000f7180000, 0x0000000100000000)
  eden space 16384K, 100% used [0x00000000f5580000,0x00000000f6580000,0x00000000f6580000)
  from space 5632K, 0% used [0x00000000f6b00000,0x00000000f6b00000,0x00000000f7080000)
  to   space 5632K, 0% used [0x00000000f6580000,0x00000000f6580000,0x00000000f6b00000)
 ParOldGen       total 349696K, used 349696K [0x00000000e0000000, 0x00000000f5580000, 0x00000000f5580000)
  object space 349696K, 100% used [0x00000000e0000000,0x00000000f5580000,0x00000000f5580000)
 Metaspace       used 55559K, committed 56448K, reserved 1105920K
  class space    used 5415K, committed 5760K, reserved 1048576K
}
Event: 466.466 GC heap after
{Heap after GC invocations=360 (full 252):
 PSYoungGen      total 22016K, used 16384K [0x00000000f5580000, 0x00000000f7180000, 0x0000000100000000)
  eden space 16384K, 100% used [0x00000000f5580000,0x00000000f6580000,0x00000000f6580000)
  from space 5632K, 0% used [0x00000000f6580000,0x00000000f6580000,0x00000000f6b00000)
  to   space 5632K, 0% used [0x00000000f6b00000,0x00000000f6b00000,0x00000000f7080000)
 ParOldGen       total 349696K, used 349696K [0x00000000e0000000, 0x00000000f5580000, 0x00000000f5580000)
  object space 349696K, 100% used [0x00000000e0000000,0x00000000f5580000,0x00000000f5580000)
 Metaspace       used 55559K, committed 56448K, reserved 1105920K
  class space    used 5415K, committed 5760K, reserved 1048576K
}

